D:\PROJECTS\MYPROJECTS\INFORMATIONRETRIEVAL\RETRIEVALSYSTEM\DEBUG\MAIN.OBJ
D:\PROJECTS\MYPROJECTS\INFORMATIONRETRIEVAL\RETRIEVALSYSTEM\DEBUG\VC110.PDB
D:\PROJECTS\MYPROJECTS\INFORMATIONRETRIEVAL\DEBUG\RETRIEVALSYSTEM.ILK
D:\PROJECTS\MYPROJECTS\INFORMATIONRETRIEVAL\DEBUG\RETRIEVALSYSTEM.EXE
D:\PROJECTS\MYPROJECTS\INFORMATIONRETRIEVAL\DEBUG\RETRIEVALSYSTEM.PDB
D:\Projects\MyProjects\InformationRetrieval\RetrievalSystem\Debug\main.obj
D:\Projects\MyProjects\InformationRetrieval\RetrievalSystem\Debug\cl.command.1.tlog
D:\Projects\MyProjects\InformationRetrieval\RetrievalSystem\Debug\CL.read.1.tlog
D:\Projects\MyProjects\InformationRetrieval\RetrievalSystem\Debug\CL.write.1.tlog
D:\Projects\MyProjects\InformationRetrieval\RetrievalSystem\Debug\link-cvtres.read.1.tlog
D:\Projects\MyProjects\InformationRetrieval\RetrievalSystem\Debug\link-cvtres.write.1.tlog
D:\Projects\MyProjects\InformationRetrieval\RetrievalSystem\Debug\link-rc.read.1.tlog
D:\Projects\MyProjects\InformationRetrieval\RetrievalSystem\Debug\link-rc.write.1.tlog
D:\Projects\MyProjects\InformationRetrieval\RetrievalSystem\Debug\link.command.1.tlog
D:\Projects\MyProjects\InformationRetrieval\RetrievalSystem\Debug\link.read.1.tlog
D:\Projects\MyProjects\InformationRetrieval\RetrievalSystem\Debug\link.write.1.tlog
D:\Projects\MyProjects\InformationRetrieval\RetrievalSystem\Debug\vc110.idb
D:\Projects\MyProjects\InformationRetrieval\RetrievalSystem\Debug\vc110.pdb
D:\Projects\MyProjects\InformationRetrieval\Debug\RetrievalSystem.pdb
D:\Projects\MyProjects\InformationRetrieval\Debug\RetrievalSystem.exe
D:\Projects\MyProjects\InformationRetrieval\Debug\RetrievalSystem.ilk
