Build started 4/18/2015 3:18:44 PM.
     1>Project "D:\Projects\MyProjects\InformationRetrieval\RetrievalSystem\RetrievalSystem.vcxproj" on node 2 (Build target(s)).
     1>ClCompile:
         C:\Program Files (x86)\Microsoft Visual Studio 11.0\VC\bin\CL.exe /c /ZI /nologo /W3 /WX- /Od /Oy- /D _MBCS /Gm /EHsc /RTC1 /MDd /GS /fp:precise /Zc:wchar_t /Zc:forScope /Fo"Debug\\" /Fd"Debug\vc110.pdb" /Gd /TP /analyze- /errorReport:prompt main.cpp
         main.cpp
     1>d:\projects\myprojects\informationretrieval\retrievalsystem\lemmatizer.h(266): warning C4996: 'strncpy': This function or variable may be unsafe. Consider using strncpy_s instead. To disable deprecation, use _CRT_SECURE_NO_WARNINGS. See online help for details.
                 c:\program files (x86)\microsoft visual studio 11.0\vc\include\string.h(191) : see declaration of 'strncpy'
     1>d:\projects\myprojects\informationretrieval\retrievalsystem\lemmatizer.h(280): warning C4996: 'strncpy': This function or variable may be unsafe. Consider using strncpy_s instead. To disable deprecation, use _CRT_SECURE_NO_WARNINGS. See online help for details.
                 c:\program files (x86)\microsoft visual studio 11.0\vc\include\string.h(191) : see declaration of 'strncpy'
     1>d:\projects\myprojects\informationretrieval\retrievalsystem\lemmatizer.h(293): warning C4996: 'strncpy': This function or variable may be unsafe. Consider using strncpy_s instead. To disable deprecation, use _CRT_SECURE_NO_WARNINGS. See online help for details.
                 c:\program files (x86)\microsoft visual studio 11.0\vc\include\string.h(191) : see declaration of 'strncpy'
     1>d:\projects\myprojects\informationretrieval\retrievalsystem\lemmatizer.h(294): warning C4996: 'strncpy': This function or variable may be unsafe. Consider using strncpy_s instead. To disable deprecation, use _CRT_SECURE_NO_WARNINGS. See online help for details.
                 c:\program files (x86)\microsoft visual studio 11.0\vc\include\string.h(191) : see declaration of 'strncpy'
     1>d:\projects\myprojects\informationretrieval\retrievalsystem\lemmatizer.h(299): warning C4996: 'strcpy': This function or variable may be unsafe. Consider using strcpy_s instead. To disable deprecation, use _CRT_SECURE_NO_WARNINGS. See online help for details.
                 c:\program files (x86)\microsoft visual studio 11.0\vc\include\string.h(110) : see declaration of 'strcpy'
     1>d:\projects\myprojects\informationretrieval\retrievalsystem\lemmatizer.h(300): warning C4996: 'strcpy': This function or variable may be unsafe. Consider using strcpy_s instead. To disable deprecation, use _CRT_SECURE_NO_WARNINGS. See online help for details.
                 c:\program files (x86)\microsoft visual studio 11.0\vc\include\string.h(110) : see declaration of 'strcpy'
     1>d:\projects\myprojects\informationretrieval\retrievalsystem\dirreader.h(26): warning C4996: 'strcpy': This function or variable may be unsafe. Consider using strcpy_s instead. To disable deprecation, use _CRT_SECURE_NO_WARNINGS. See online help for details.
                 c:\program files (x86)\microsoft visual studio 11.0\vc\include\string.h(110) : see declaration of 'strcpy'
     1>d:\projects\myprojects\informationretrieval\retrievalsystem\dirreader.h(27): warning C4996: 'strcat': This function or variable may be unsafe. Consider using strcat_s instead. To disable deprecation, use _CRT_SECURE_NO_WARNINGS. See online help for details.
                 c:\program files (x86)\microsoft visual studio 11.0\vc\include\string.h(115) : see declaration of 'strcat'
     1>d:\projects\myprojects\informationretrieval\retrievalsystem\stemmer.h(396): warning C4996: 'strncat': This function or variable may be unsafe. Consider using strncat_s instead. To disable deprecation, use _CRT_SECURE_NO_WARNINGS. See online help for details.
                 c:\program files (x86)\microsoft visual studio 11.0\vc\include\string.h(182) : see declaration of 'strncat'
     1>d:\projects\myprojects\informationretrieval\retrievalsystem\filewriter.h(99): warning C4018: '<' : signed/unsigned mismatch
     1>d:\projects\myprojects\informationretrieval\retrievalsystem\filewriter.h(112): warning C4018: '<' : signed/unsigned mismatch
     1>d:\projects\myprojects\informationretrieval\retrievalsystem\filewriter.h(121): warning C4018: '<' : signed/unsigned mismatch
     1>d:\projects\myprojects\informationretrieval\retrievalsystem\filewriter.h(137): warning C4018: '<' : signed/unsigned mismatch
     1>d:\projects\myprojects\informationretrieval\retrievalsystem\filewriter.h(156): warning C4018: '<' : signed/unsigned mismatch
     1>d:\projects\myprojects\informationretrieval\retrievalsystem\filewriter.h(169): warning C4018: '<' : signed/unsigned mismatch
     1>d:\projects\myprojects\informationretrieval\retrievalsystem\filewriter.h(178): warning C4018: '<' : signed/unsigned mismatch
     1>d:\projects\myprojects\informationretrieval\retrievalsystem\filewriter.h(194): warning C4018: '<' : signed/unsigned mismatch
     1>d:\projects\myprojects\informationretrieval\retrievalsystem\filewriter.h(206): warning C4244: 'initializing' : conversion from 'std::streamoff' to 'int', possible loss of data
     1>d:\projects\myprojects\informationretrieval\retrievalsystem\filewriter.h(289): warning C4244: '=' : conversion from 'std::streamoff' to 'int', possible loss of data
     1>d:\projects\myprojects\informationretrieval\retrievalsystem\filewriter.h(352): warning C4244: '=' : conversion from 'std::streamoff' to 'int', possible loss of data
     1>d:\projects\myprojects\informationretrieval\retrievalsystem\filewriter.h(380): warning C4244: 'initializing' : conversion from 'std::streamoff' to 'int', possible loss of data
     1>d:\projects\myprojects\informationretrieval\retrievalsystem\filewriter.h(393): warning C4018: '<' : signed/unsigned mismatch
     1>d:\projects\myprojects\informationretrieval\retrievalsystem\filewriter.h(396): warning C4018: '<' : signed/unsigned mismatch
     1>d:\projects\myprojects\informationretrieval\retrievalsystem\indexfilereader.h(42): warning C4244: 'initializing' : conversion from 'std::streamoff' to 'int', possible loss of data
     1>d:\projects\myprojects\informationretrieval\retrievalsystem\main.cpp(167): warning C4018: '<' : signed/unsigned mismatch
       Link:
         C:\Program Files (x86)\Microsoft Visual Studio 11.0\VC\bin\link.exe /ERRORREPORT:PROMPT /OUT:"D:\Projects\MyProjects\InformationRetrieval\Debug\RetrievalSystem.exe" /INCREMENTAL /NOLOGO kernel32.lib user32.lib gdi32.lib winspool.lib comdlg32.lib advapi32.lib shell32.lib ole32.lib oleaut32.lib uuid.lib odbc32.lib odbccp32.lib /MANIFEST /MANIFESTUAC:"level='asInvoker' uiAccess='false'" /manifest:embed /DEBUG /PDB:"D:\Projects\MyProjects\InformationRetrieval\Debug\RetrievalSystem.pdb" /TLBID:1 /DYNAMICBASE /NXCOMPAT /IMPLIB:"D:\Projects\MyProjects\InformationRetrieval\Debug\RetrievalSystem.lib" /MACHINE:X86 Debug\main.obj
         RetrievalSystem.vcxproj -> D:\Projects\MyProjects\InformationRetrieval\Debug\RetrievalSystem.exe
     1>Done Building Project "D:\Projects\MyProjects\InformationRetrieval\RetrievalSystem\RetrievalSystem.vcxproj" (Build target(s)).

Build succeeded.

Time Elapsed 00:00:02.57
