Build started 4/27/2015 3:24:08 PM.
     1>Project "D:\Projects\MyProjects\InformationRetrieval\RetrievalSystem\RetrievalSystem.vcxproj" on node 2 (Build target(s)).
     1>ClCompile:
         C:\Program Files (x86)\Microsoft Visual Studio 11.0\VC\bin\CL.exe /c /Zi /nologo /W3 /WX- /O2 /Oi /Oy- /GL /D _MBCS /Gm- /EHsc /MD /GS /Gy /fp:precise /Zc:wchar_t /Zc:forScope /Fo"Release\\" /Fd"Release\vc110.pdb" /Gd /TP /analyze- /errorReport:prompt main.cpp
         main.cpp
     1>d:\projects\myprojects\informationretrieval\retrievalsystem\lemmatizer.h(266): warning C4996: 'strncpy': This function or variable may be unsafe. Consider using strncpy_s instead. To disable deprecation, use _CRT_SECURE_NO_WARNINGS. See online help for details.
                 C:\Program Files (x86)\Microsoft Visual Studio 11.0\VC\include\string.h(191) : see declaration of 'strncpy'
     1>d:\projects\myprojects\informationretrieval\retrievalsystem\lemmatizer.h(280): warning C4996: 'strncpy': This function or variable may be unsafe. Consider using strncpy_s instead. To disable deprecation, use _CRT_SECURE_NO_WARNINGS. See online help for details.
                 C:\Program Files (x86)\Microsoft Visual Studio 11.0\VC\include\string.h(191) : see declaration of 'strncpy'
     1>d:\projects\myprojects\informationretrieval\retrievalsystem\lemmatizer.h(293): warning C4996: 'strncpy': This function or variable may be unsafe. Consider using strncpy_s instead. To disable deprecation, use _CRT_SECURE_NO_WARNINGS. See online help for details.
                 C:\Program Files (x86)\Microsoft Visual Studio 11.0\VC\include\string.h(191) : see declaration of 'strncpy'
     1>d:\projects\myprojects\informationretrieval\retrievalsystem\lemmatizer.h(294): warning C4996: 'strncpy': This function or variable may be unsafe. Consider using strncpy_s instead. To disable deprecation, use _CRT_SECURE_NO_WARNINGS. See online help for details.
                 C:\Program Files (x86)\Microsoft Visual Studio 11.0\VC\include\string.h(191) : see declaration of 'strncpy'
     1>d:\projects\myprojects\informationretrieval\retrievalsystem\lemmatizer.h(299): warning C4996: 'strcpy': This function or variable may be unsafe. Consider using strcpy_s instead. To disable deprecation, use _CRT_SECURE_NO_WARNINGS. See online help for details.
                 C:\Program Files (x86)\Microsoft Visual Studio 11.0\VC\include\string.h(110) : see declaration of 'strcpy'
     1>d:\projects\myprojects\informationretrieval\retrievalsystem\lemmatizer.h(300): warning C4996: 'strcpy': This function or variable may be unsafe. Consider using strcpy_s instead. To disable deprecation, use _CRT_SECURE_NO_WARNINGS. See online help for details.
                 C:\Program Files (x86)\Microsoft Visual Studio 11.0\VC\include\string.h(110) : see declaration of 'strcpy'
     1>d:\projects\myprojects\informationretrieval\retrievalsystem\dirReader.h(26): warning C4996: 'strcpy': This function or variable may be unsafe. Consider using strcpy_s instead. To disable deprecation, use _CRT_SECURE_NO_WARNINGS. See online help for details.
                 C:\Program Files (x86)\Microsoft Visual Studio 11.0\VC\include\string.h(110) : see declaration of 'strcpy'
     1>d:\projects\myprojects\informationretrieval\retrievalsystem\dirReader.h(27): warning C4996: 'strcat': This function or variable may be unsafe. Consider using strcat_s instead. To disable deprecation, use _CRT_SECURE_NO_WARNINGS. See online help for details.
                 C:\Program Files (x86)\Microsoft Visual Studio 11.0\VC\include\string.h(115) : see declaration of 'strcat'
     1>d:\projects\myprojects\informationretrieval\retrievalsystem\fileWriter.h(188): warning C4018: '<' : signed/unsigned mismatch
     1>d:\projects\myprojects\informationretrieval\retrievalsystem\fileWriter.h(201): warning C4018: '<' : signed/unsigned mismatch
     1>d:\projects\myprojects\informationretrieval\retrievalsystem\fileWriter.h(210): warning C4018: '<' : signed/unsigned mismatch
     1>d:\projects\myprojects\informationretrieval\retrievalsystem\fileWriter.h(226): warning C4018: '<' : signed/unsigned mismatch
     1>d:\projects\myprojects\informationretrieval\retrievalsystem\fileWriter.h(245): warning C4018: '<' : signed/unsigned mismatch
     1>d:\projects\myprojects\informationretrieval\retrievalsystem\fileWriter.h(258): warning C4018: '<' : signed/unsigned mismatch
     1>d:\projects\myprojects\informationretrieval\retrievalsystem\fileWriter.h(267): warning C4018: '<' : signed/unsigned mismatch
     1>d:\projects\myprojects\informationretrieval\retrievalsystem\fileWriter.h(283): warning C4018: '<' : signed/unsigned mismatch
     1>d:\projects\myprojects\informationretrieval\retrievalsystem\fileWriter.h(295): warning C4244: 'initializing' : conversion from 'std::streamoff' to 'int', possible loss of data
     1>d:\projects\myprojects\informationretrieval\retrievalsystem\fileWriter.h(378): warning C4244: '=' : conversion from 'std::streamoff' to 'int', possible loss of data
     1>d:\projects\myprojects\informationretrieval\retrievalsystem\fileWriter.h(441): warning C4244: '=' : conversion from 'std::streamoff' to 'int', possible loss of data
     1>d:\projects\myprojects\informationretrieval\retrievalsystem\fileWriter.h(469): warning C4244: 'initializing' : conversion from 'std::streamoff' to 'int', possible loss of data
     1>d:\projects\myprojects\informationretrieval\retrievalsystem\fileWriter.h(482): warning C4018: '<' : signed/unsigned mismatch
     1>d:\projects\myprojects\informationretrieval\retrievalsystem\fileWriter.h(485): warning C4018: '<' : signed/unsigned mismatch
     1>d:\projects\myprojects\informationretrieval\retrievalsystem\indexFileReader.h(48): warning C4244: 'initializing' : conversion from 'std::streamoff' to 'int', possible loss of data
     1>main.cpp(241): warning C4244: '+=' : conversion from 'double' to 'float', possible loss of data
     1>main.cpp(261): warning C4305: '=' : truncation from 'double' to 'float'
     1>main.cpp(265): warning C4305: '+=' : truncation from 'double' to 'float'
     1>main.cpp(275): warning C4244: '+=' : conversion from 'double' to 'float', possible loss of data
       Link:
         C:\Program Files (x86)\Microsoft Visual Studio 11.0\VC\bin\link.exe /ERRORREPORT:PROMPT /OUT:"D:\Projects\MyProjects\InformationRetrieval\Release\RetrievalSystem.exe" /NOLOGO kernel32.lib user32.lib gdi32.lib winspool.lib comdlg32.lib advapi32.lib shell32.lib ole32.lib oleaut32.lib uuid.lib odbc32.lib odbccp32.lib /MANIFEST /MANIFESTUAC:"level='asInvoker' uiAccess='false'" /manifest:embed /DEBUG /PDB:"D:\Projects\MyProjects\InformationRetrieval\Release\RetrievalSystem.pdb" /OPT:REF /OPT:ICF /LTCG /TLBID:1 /DYNAMICBASE /NXCOMPAT /IMPLIB:"D:\Projects\MyProjects\InformationRetrieval\Release\RetrievalSystem.lib" /MACHINE:X86 /SAFESEH Release\main.obj
         Generating code
         Finished generating code
         RetrievalSystem.vcxproj -> D:\Projects\MyProjects\InformationRetrieval\Release\RetrievalSystem.exe
     1>Done Building Project "D:\Projects\MyProjects\InformationRetrieval\RetrievalSystem\RetrievalSystem.vcxproj" (Build target(s)).

Build succeeded.

Time Elapsed 00:00:03.09
