Build started 4/26/2015 12:05:24 PM.
     1>Project "D:\Projects\MyProjects\InformationRetrieval\hw2\hw2.vcxproj" on node 4 (Build target(s)).
     1>ClCompile:
         C:\Program Files (x86)\Microsoft Visual Studio 11.0\VC\bin\CL.exe /c /Zi /nologo /W3 /WX- /O2 /Oi /Oy- /GL /D _MBCS /Gm- /EHsc /MD /GS /Gy /fp:precise /Zc:wchar_t /Zc:forScope /Fo"Release\\" /Fd"Release\vc110.pdb" /Gd /TP /analyze- /errorReport:prompt main.cpp RdrLemmatizer.cpp
         main.cpp
     1>d:\projects\myprojects\informationretrieval\hw2\porter.h(396): warning C4996: 'strncat': This function or variable may be unsafe. Consider using strncat_s instead. To disable deprecation, use _CRT_SECURE_NO_WARNINGS. See online help for details.
                 C:\Program Files (x86)\Microsoft Visual Studio 11.0\VC\include\string.h(182) : see declaration of 'strncat'
     1>main.cpp(127): warning C4018: '<' : signed/unsigned mismatch
     1>main.cpp(148): warning C4018: '<' : signed/unsigned mismatch
     1>main.cpp(228): warning C4018: '<' : signed/unsigned mismatch
     1>main.cpp(345): warning C4996: 'strcpy': This function or variable may be unsafe. Consider using strcpy_s instead. To disable deprecation, use _CRT_SECURE_NO_WARNINGS. See online help for details.
                 C:\Program Files (x86)\Microsoft Visual Studio 11.0\VC\include\string.h(110) : see declaration of 'strcpy'
     1>main.cpp(346): warning C4996: 'strcat': This function or variable may be unsafe. Consider using strcat_s instead. To disable deprecation, use _CRT_SECURE_NO_WARNINGS. See online help for details.
                 C:\Program Files (x86)\Microsoft Visual Studio 11.0\VC\include\string.h(115) : see declaration of 'strcat'
     1>main.cpp(374): warning C4018: '<' : signed/unsigned mismatch
     1>main.cpp(411): warning C4244: 'initializing' : conversion from 'std::streamoff' to 'int', possible loss of data
     1>main.cpp(494): warning C4244: '=' : conversion from 'std::streamoff' to 'int', possible loss of data
     1>main.cpp(557): warning C4244: '=' : conversion from 'std::streamoff' to 'int', possible loss of data
     1>main.cpp(609): warning C4018: '<' : signed/unsigned mismatch
     1>main.cpp(622): warning C4018: '<' : signed/unsigned mismatch
     1>main.cpp(631): warning C4018: '<' : signed/unsigned mismatch
     1>main.cpp(647): warning C4018: '<' : signed/unsigned mismatch
     1>main.cpp(666): warning C4018: '<' : signed/unsigned mismatch
     1>main.cpp(679): warning C4018: '<' : signed/unsigned mismatch
     1>main.cpp(688): warning C4018: '<' : signed/unsigned mismatch
     1>main.cpp(704): warning C4018: '<' : signed/unsigned mismatch
     1>main.cpp(730): warning C4244: 'initializing' : conversion from 'std::streamoff' to 'int', possible loss of data
     1>main.cpp(749): warning C4018: '<' : signed/unsigned mismatch
     1>main.cpp(752): warning C4018: '<' : signed/unsigned mismatch
     1>main.cpp(768): warning C4018: '<' : signed/unsigned mismatch
     1>main.cpp(776): warning C4018: '<' : signed/unsigned mismatch
     1>main.cpp(790): warning C4018: '<' : signed/unsigned mismatch
     1>main.cpp(798): warning C4018: '<' : signed/unsigned mismatch
         RdrLemmatizer.cpp
     1>RdrLemmatizer.cpp(183): warning C4996: 'strncpy': This function or variable may be unsafe. Consider using strncpy_s instead. To disable deprecation, use _CRT_SECURE_NO_WARNINGS. See online help for details.
                 C:\Program Files (x86)\Microsoft Visual Studio 11.0\VC\include\string.h(191) : see declaration of 'strncpy'
     1>RdrLemmatizer.cpp(197): warning C4996: 'strncpy': This function or variable may be unsafe. Consider using strncpy_s instead. To disable deprecation, use _CRT_SECURE_NO_WARNINGS. See online help for details.
                 C:\Program Files (x86)\Microsoft Visual Studio 11.0\VC\include\string.h(191) : see declaration of 'strncpy'
     1>RdrLemmatizer.cpp(210): warning C4996: 'strncpy': This function or variable may be unsafe. Consider using strncpy_s instead. To disable deprecation, use _CRT_SECURE_NO_WARNINGS. See online help for details.
                 C:\Program Files (x86)\Microsoft Visual Studio 11.0\VC\include\string.h(191) : see declaration of 'strncpy'
     1>RdrLemmatizer.cpp(211): warning C4996: 'strncpy': This function or variable may be unsafe. Consider using strncpy_s instead. To disable deprecation, use _CRT_SECURE_NO_WARNINGS. See online help for details.
                 C:\Program Files (x86)\Microsoft Visual Studio 11.0\VC\include\string.h(191) : see declaration of 'strncpy'
     1>RdrLemmatizer.cpp(216): warning C4996: 'strcpy': This function or variable may be unsafe. Consider using strcpy_s instead. To disable deprecation, use _CRT_SECURE_NO_WARNINGS. See online help for details.
                 C:\Program Files (x86)\Microsoft Visual Studio 11.0\VC\include\string.h(110) : see declaration of 'strcpy'
     1>RdrLemmatizer.cpp(217): warning C4996: 'strcpy': This function or variable may be unsafe. Consider using strcpy_s instead. To disable deprecation, use _CRT_SECURE_NO_WARNINGS. See online help for details.
                 C:\Program Files (x86)\Microsoft Visual Studio 11.0\VC\include\string.h(110) : see declaration of 'strcpy'
       Link:
         C:\Program Files (x86)\Microsoft Visual Studio 11.0\VC\bin\link.exe /ERRORREPORT:PROMPT /OUT:"D:\Projects\MyProjects\InformationRetrieval\Release\hw2.exe" /NOLOGO kernel32.lib user32.lib gdi32.lib winspool.lib comdlg32.lib advapi32.lib shell32.lib ole32.lib oleaut32.lib uuid.lib odbc32.lib odbccp32.lib /MANIFEST /MANIFESTUAC:"level='asInvoker' uiAccess='false'" /manifest:embed /DEBUG /PDB:"D:\Projects\MyProjects\InformationRetrieval\Release\hw2.pdb" /OPT:REF /OPT:ICF /LTCG /TLBID:1 /DYNAMICBASE /NXCOMPAT /IMPLIB:"D:\Projects\MyProjects\InformationRetrieval\Release\hw2.lib" /MACHINE:X86 /SAFESEH Release\main.obj
         Release\RdrLemmatizer.obj
         Generating code
         Finished generating code
         hw2.vcxproj -> D:\Projects\MyProjects\InformationRetrieval\Release\hw2.exe
     1>Done Building Project "D:\Projects\MyProjects\InformationRetrieval\hw2\hw2.vcxproj" (Build target(s)).

Build succeeded.

Time Elapsed 00:00:02.69
