D:\PROJECTS\MYPROJECTS\INFORMATIONRETRIEVAL\HW2\DEBUG\MAIN.OBJ
D:\PROJECTS\MYPROJECTS\INFORMATIONRETRIEVAL\HW2\DEBUG\RDRLEMMATIZER.OBJ
D:\PROJECTS\MYPROJECTS\INFORMATIONRETRIEVAL\HW2\DEBUG\VC110.PDB
D:\PROJECTS\MYPROJECTS\INFORMATIONRETRIEVAL\DEBUG\HW2.ILK
D:\PROJECTS\MYPROJECTS\INFORMATIONRETRIEVAL\DEBUG\HW2.EXE
D:\PROJECTS\MYPROJECTS\INFORMATIONRETRIEVAL\DEBUG\HW2.PDB
D:\Projects\MyProjects\InformationRetrieval\hw2\Debug\main.obj
D:\Projects\MyProjects\InformationRetrieval\hw2\Debug\RdrLemmatizer.obj
D:\Projects\MyProjects\InformationRetrieval\hw2\Debug\cl.command.1.tlog
D:\Projects\MyProjects\InformationRetrieval\hw2\Debug\CL.read.1.tlog
D:\Projects\MyProjects\InformationRetrieval\hw2\Debug\CL.write.1.tlog
D:\Projects\MyProjects\InformationRetrieval\hw2\Debug\link-cvtres.read.1.tlog
D:\Projects\MyProjects\InformationRetrieval\hw2\Debug\link-cvtres.write.1.tlog
D:\Projects\MyProjects\InformationRetrieval\hw2\Debug\link-rc.read.1.tlog
D:\Projects\MyProjects\InformationRetrieval\hw2\Debug\link-rc.write.1.tlog
D:\Projects\MyProjects\InformationRetrieval\hw2\Debug\link.command.1.tlog
D:\Projects\MyProjects\InformationRetrieval\hw2\Debug\link.read.1.tlog
D:\Projects\MyProjects\InformationRetrieval\hw2\Debug\link.write.1.tlog
D:\Projects\MyProjects\InformationRetrieval\hw2\Debug\vc110.idb
D:\Projects\MyProjects\InformationRetrieval\hw2\Debug\vc110.pdb
D:\Projects\MyProjects\InformationRetrieval\Debug\hw2.pdb
D:\Projects\MyProjects\InformationRetrieval\Debug\hw2.exe
D:\Projects\MyProjects\InformationRetrieval\Debug\hw2.ilk
