D:\PROJECTS\MYPROJECTS\INFORMATIONRETRIEVAL\HW3\DEBUG\MAIN.OBJ
D:\PROJECTS\MYPROJECTS\INFORMATIONRETRIEVAL\HW3\DEBUG\VC110.PDB
D:\PROJECTS\MYPROJECTS\INFORMATIONRETRIEVAL\DEBUG\HW3.ILK
D:\PROJECTS\MYPROJECTS\INFORMATIONRETRIEVAL\DEBUG\HW3.EXE
D:\PROJECTS\MYPROJECTS\INFORMATIONRETRIEVAL\DEBUG\HW3.PDB
D:\Projects\MyProjects\InformationRetrieval\hw3\Debug\main.obj
D:\Projects\MyProjects\InformationRetrieval\hw3\Debug\cl.command.1.tlog
D:\Projects\MyProjects\InformationRetrieval\hw3\Debug\CL.read.1.tlog
D:\Projects\MyProjects\InformationRetrieval\hw3\Debug\CL.write.1.tlog
D:\Projects\MyProjects\InformationRetrieval\hw3\Debug\link-cvtres.read.1.tlog
D:\Projects\MyProjects\InformationRetrieval\hw3\Debug\link-cvtres.write.1.tlog
D:\Projects\MyProjects\InformationRetrieval\hw3\Debug\link-rc.read.1.tlog
D:\Projects\MyProjects\InformationRetrieval\hw3\Debug\link-rc.write.1.tlog
D:\Projects\MyProjects\InformationRetrieval\hw3\Debug\link.command.1.tlog
D:\Projects\MyProjects\InformationRetrieval\hw3\Debug\link.read.1.tlog
D:\Projects\MyProjects\InformationRetrieval\hw3\Debug\link.write.1.tlog
D:\Projects\MyProjects\InformationRetrieval\hw3\Debug\vc110.idb
D:\Projects\MyProjects\InformationRetrieval\hw3\Debug\vc110.pdb
D:\Projects\MyProjects\InformationRetrieval\Debug\hw3.pdb
D:\Projects\MyProjects\InformationRetrieval\Debug\hw3.exe
D:\Projects\MyProjects\InformationRetrieval\Debug\hw3.ilk
