Build started 4/15/2015 5:22:00 PM.
     1>Project "D:\Projects\MyProjects\InformationRetrieval\hw3\hw3.vcxproj" on node 2 (Build target(s)).
     1>ClCompile:
         C:\Program Files (x86)\Microsoft Visual Studio 11.0\VC\bin\CL.exe /c /ID:\Projects\MyProjects\InformationRetrieval\RetrievalSystem /ZI /nologo /W3 /WX- /Od /Oy- /D _MBCS /Gm /EHsc /RTC1 /MDd /GS /fp:precise /Zc:wchar_t /Zc:forScope /Fo"Debug\\" /Fd"Debug\vc110.pdb" /Gd /TP /analyze- /errorReport:prompt main.cpp
         main.cpp
     1>d:\projects\myprojects\informationretrieval\retrievalsystem\lemmatizer.h(266): warning C4996: 'strncpy': This function or variable may be unsafe. Consider using strncpy_s instead. To disable deprecation, use _CRT_SECURE_NO_WARNINGS. See online help for details.
                 c:\program files (x86)\microsoft visual studio 11.0\vc\include\string.h(191) : see declaration of 'strncpy'
     1>d:\projects\myprojects\informationretrieval\retrievalsystem\lemmatizer.h(280): warning C4996: 'strncpy': This function or variable may be unsafe. Consider using strncpy_s instead. To disable deprecation, use _CRT_SECURE_NO_WARNINGS. See online help for details.
                 c:\program files (x86)\microsoft visual studio 11.0\vc\include\string.h(191) : see declaration of 'strncpy'
     1>d:\projects\myprojects\informationretrieval\retrievalsystem\lemmatizer.h(293): warning C4996: 'strncpy': This function or variable may be unsafe. Consider using strncpy_s instead. To disable deprecation, use _CRT_SECURE_NO_WARNINGS. See online help for details.
                 c:\program files (x86)\microsoft visual studio 11.0\vc\include\string.h(191) : see declaration of 'strncpy'
     1>d:\projects\myprojects\informationretrieval\retrievalsystem\lemmatizer.h(294): warning C4996: 'strncpy': This function or variable may be unsafe. Consider using strncpy_s instead. To disable deprecation, use _CRT_SECURE_NO_WARNINGS. See online help for details.
                 c:\program files (x86)\microsoft visual studio 11.0\vc\include\string.h(191) : see declaration of 'strncpy'
     1>d:\projects\myprojects\informationretrieval\retrievalsystem\lemmatizer.h(299): warning C4996: 'strcpy': This function or variable may be unsafe. Consider using strcpy_s instead. To disable deprecation, use _CRT_SECURE_NO_WARNINGS. See online help for details.
                 c:\program files (x86)\microsoft visual studio 11.0\vc\include\string.h(110) : see declaration of 'strcpy'
     1>d:\projects\myprojects\informationretrieval\retrievalsystem\lemmatizer.h(300): warning C4996: 'strcpy': This function or variable may be unsafe. Consider using strcpy_s instead. To disable deprecation, use _CRT_SECURE_NO_WARNINGS. See online help for details.
                 c:\program files (x86)\microsoft visual studio 11.0\vc\include\string.h(110) : see declaration of 'strcpy'
     1>d:\projects\myprojects\informationretrieval\retrievalsystem\dirreader.h(26): warning C4996: 'strcpy': This function or variable may be unsafe. Consider using strcpy_s instead. To disable deprecation, use _CRT_SECURE_NO_WARNINGS. See online help for details.
                 c:\program files (x86)\microsoft visual studio 11.0\vc\include\string.h(110) : see declaration of 'strcpy'
     1>d:\projects\myprojects\informationretrieval\retrievalsystem\dirreader.h(27): warning C4996: 'strcat': This function or variable may be unsafe. Consider using strcat_s instead. To disable deprecation, use _CRT_SECURE_NO_WARNINGS. See online help for details.
                 c:\program files (x86)\microsoft visual studio 11.0\vc\include\string.h(115) : see declaration of 'strcat'
     1>d:\projects\myprojects\informationretrieval\hw3\main.cpp(204): warning C4018: '<' : signed/unsigned mismatch
     1>d:\projects\myprojects\informationretrieval\hw3\main.cpp(218): warning C4018: '<' : signed/unsigned mismatch
     1>d:\projects\myprojects\informationretrieval\hw3\main.cpp(257): warning C4018: '<' : signed/unsigned mismatch
     1>d:\projects\myprojects\informationretrieval\hw3\main.cpp(260): warning C4018: '<' : signed/unsigned mismatch
       Link:
         C:\Program Files (x86)\Microsoft Visual Studio 11.0\VC\bin\link.exe /ERRORREPORT:PROMPT /OUT:"D:\Projects\MyProjects\InformationRetrieval\Debug\hw3.exe" /INCREMENTAL /NOLOGO kernel32.lib user32.lib gdi32.lib winspool.lib comdlg32.lib advapi32.lib shell32.lib ole32.lib oleaut32.lib uuid.lib odbc32.lib odbccp32.lib /MANIFEST /MANIFESTUAC:"level='asInvoker' uiAccess='false'" /manifest:embed /DEBUG /PDB:"D:\Projects\MyProjects\InformationRetrieval\Debug\hw3.pdb" /TLBID:1 /DYNAMICBASE /NXCOMPAT /IMPLIB:"D:\Projects\MyProjects\InformationRetrieval\Debug\hw3.lib" /MACHINE:X86 Debug\main.obj
         hw3.vcxproj -> D:\Projects\MyProjects\InformationRetrieval\Debug\hw3.exe
     1>Done Building Project "D:\Projects\MyProjects\InformationRetrieval\hw3\hw3.vcxproj" (Build target(s)).

Build succeeded.

Time Elapsed 00:00:02.24
