D:\PROJECTS\MYPROJECTS\INFORMATIONRETRIEVAL\HW1\DEBUG\MAIN.OBJ
D:\PROJECTS\MYPROJECTS\INFORMATIONRETRIEVAL\HW1\DEBUG\VC110.PDB
D:\PROJECTS\MYPROJECTS\INFORMATIONRETRIEVAL\DEBUG\HW1.ILK
D:\PROJECTS\MYPROJECTS\INFORMATIONRETRIEVAL\DEBUG\HW1.EXE
D:\PROJECTS\MYPROJECTS\INFORMATIONRETRIEVAL\DEBUG\HW1.PDB
D:\Projects\MyProjects\InformationRetrieval\hw1\Debug\main.obj
D:\Projects\MyProjects\InformationRetrieval\hw1\Debug\cl.command.1.tlog
D:\Projects\MyProjects\InformationRetrieval\hw1\Debug\CL.read.1.tlog
D:\Projects\MyProjects\InformationRetrieval\hw1\Debug\CL.write.1.tlog
D:\Projects\MyProjects\InformationRetrieval\hw1\Debug\link-cvtres.read.1.tlog
D:\Projects\MyProjects\InformationRetrieval\hw1\Debug\link-cvtres.write.1.tlog
D:\Projects\MyProjects\InformationRetrieval\hw1\Debug\link-rc.read.1.tlog
D:\Projects\MyProjects\InformationRetrieval\hw1\Debug\link-rc.write.1.tlog
D:\Projects\MyProjects\InformationRetrieval\hw1\Debug\link.command.1.tlog
D:\Projects\MyProjects\InformationRetrieval\hw1\Debug\link.read.1.tlog
D:\Projects\MyProjects\InformationRetrieval\hw1\Debug\link.write.1.tlog
D:\Projects\MyProjects\InformationRetrieval\hw1\Debug\vc110.idb
D:\Projects\MyProjects\InformationRetrieval\hw1\Debug\vc110.pdb
D:\Projects\MyProjects\InformationRetrieval\Debug\hw1.pdb
D:\Projects\MyProjects\InformationRetrieval\Debug\hw1.exe
D:\Projects\MyProjects\InformationRetrieval\Debug\hw1.ilk
