Build started 3/4/2015 5:15:01 PM.
     1>Project "D:\cpp-projects\Tokenizer\hw1\hw1.vcxproj" on node 2 (Build target(s)).
     1>ClCompile:
         C:\Program Files (x86)\Microsoft Visual Studio 11.0\VC\bin\CL.exe /c /ZI /nologo /W3 /WX- /Od /Oy- /D _MBCS /Gm /EHsc /RTC1 /MDd /GS /fp:precise /Zc:wchar_t /Zc:forScope /Fo"Debug\\" /Fd"Debug\vc110.pdb" /Gd /TP /analyze- /errorReport:prompt main.cpp
         main.cpp
     1>d:\cpp-projects\tokenizer\hw1\porter.h(396): warning C4996: 'strncat': This function or variable may be unsafe. Consider using strncat_s instead. To disable deprecation, use _CRT_SECURE_NO_WARNINGS. See online help for details.
                 c:\program files (x86)\microsoft visual studio 11.0\vc\include\string.h(182) : see declaration of 'strncat'
     1>d:\cpp-projects\tokenizer\hw1\main.cpp(102): warning C4018: '<' : signed/unsigned mismatch
     1>d:\cpp-projects\tokenizer\hw1\main.cpp(123): warning C4018: '<' : signed/unsigned mismatch
     1>d:\cpp-projects\tokenizer\hw1\main.cpp(294): warning C4996: 'strcpy': This function or variable may be unsafe. Consider using strcpy_s instead. To disable deprecation, use _CRT_SECURE_NO_WARNINGS. See online help for details.
                 c:\program files (x86)\microsoft visual studio 11.0\vc\include\string.h(110) : see declaration of 'strcpy'
     1>d:\cpp-projects\tokenizer\hw1\main.cpp(295): warning C4996: 'strcat': This function or variable may be unsafe. Consider using strcat_s instead. To disable deprecation, use _CRT_SECURE_NO_WARNINGS. See online help for details.
                 c:\program files (x86)\microsoft visual studio 11.0\vc\include\string.h(115) : see declaration of 'strcat'
     1>d:\cpp-projects\tokenizer\hw1\main.cpp(323): warning C4018: '<' : signed/unsigned mismatch
       Link:
         C:\Program Files (x86)\Microsoft Visual Studio 11.0\VC\bin\link.exe /ERRORREPORT:PROMPT /OUT:"D:\cpp-projects\Tokenizer\Debug\hw1.exe" /INCREMENTAL /NOLOGO kernel32.lib user32.lib gdi32.lib winspool.lib comdlg32.lib advapi32.lib shell32.lib ole32.lib oleaut32.lib uuid.lib odbc32.lib odbccp32.lib /MANIFEST /MANIFESTUAC:"level='asInvoker' uiAccess='false'" /manifest:embed /DEBUG /PDB:"D:\cpp-projects\Tokenizer\Debug\hw1.pdb" /TLBID:1 /DYNAMICBASE /NXCOMPAT /IMPLIB:"D:\cpp-projects\Tokenizer\Debug\hw1.lib" /MACHINE:X86 Debug\main.obj
         hw1.vcxproj -> D:\cpp-projects\Tokenizer\Debug\hw1.exe
     1>Done Building Project "D:\cpp-projects\Tokenizer\hw1\hw1.vcxproj" (Build target(s)).

Build succeeded.

Time Elapsed 00:00:02.31
